#-----------------------------------------------------------
# Vivado v2019.1 (64-bit)
# SW Build 2552052 on Fri May 24 14:49:42 MDT 2019
# IP Build 2548770 on Fri May 24 18:01:18 MDT 2019
# Start of session at: Thu Oct 12 12:13:16 2023
# Process ID: 13264
# Current directory: D:/Vivado/cb4cled-jn-application_cleaned/CB4CLED/vhdl/xilinxprj
# Command line: vivado.exe -gui_launcher_event rodinguilauncherevent9000 D:\Vivado\cb4cled-jn-application_cleaned\CB4CLED\vhdl\xilinxprj\CB4CLED_Top.xpr
# Log file: D:/Vivado/cb4cled-jn-application_cleaned/CB4CLED/vhdl/xilinxprj/vivado.log
# Journal file: D:/Vivado/cb4cled-jn-application_cleaned/CB4CLED/vhdl/xilinxprj\vivado.jou
#-----------------------------------------------------------
start_gui
open_project D:/Vivado/cb4cled-jn-application_cleaned/CB4CLED/vhdl/xilinxprj/CB4CLED_Top.xpr
INFO: [Project 1-313] Project file moved from 'D:/Vivado/cb4cled-jn-application/CB4CLED/vhdl/xilinxprj' since last save.
Scanning sources...
Finished scanning sources
INFO: [IP_Flow 19-234] Refreshing IP repositories
INFO: [IP_Flow 19-1704] No user IP repositories specified
INFO: [IP_Flow 19-2313] Loaded Vivado IP repository 'D:/Xilinx/Vivado/2019.1/data/ip'.
WARNING: [BD 41-1661] One or more IPs have been locked in the design 'cb4cled_design.bd'. Please run report_ip_status for more details and recommendations on how to fix this issue.
List of locked IPs:
cb4cled_design_clk_1
cb4cled_design_rst_0
cb4cled_design_axi_gpio_0_0
cb4cled_design_processing_system7_0_0
cb4cled_design_clk_0
cb4cled_design_clk_2
cb4cled_design_rst_1
cb4cled_design_rst_2
cb4cled_design_rst_3
cb4cled_design_TC_0
cb4cled_design_proc_sys_reset_0_0

open_project: Time (s): cpu = 00:00:24 ; elapsed = 00:00:30 . Memory (MB): peak = 858.059 ; gain = 270.930
update_compile_order -fileset sources_1
export_ip_user_files -of_objects  [get_files D:/Vivado/cb4cled-jn-application_cleaned/CB4CLED/vhdl/xilinxprj/CB4CLED_Top.srcs/sources_1/bd/cb4cled_design_z2/hdl/cb4cled_design_z2_wrapper.vhd] -no_script -reset -force -quiet
remove_files  D:/Vivado/cb4cled-jn-application_cleaned/CB4CLED/vhdl/xilinxprj/CB4CLED_Top.srcs/sources_1/bd/cb4cled_design_z2/hdl/cb4cled_design_z2_wrapper.vhd
file delete -force D:/Vivado/cb4cled-jn-application_cleaned/CB4CLED/vhdl/xilinxprj/CB4CLED_Top.srcs/sources_1/bd/cb4cled_design_z2/hdl/cb4cled_design_z2_wrapper.vhd
remove_files  D:/Vivado/cb4cled-jn-application_cleaned/CB4CLED/vhdl/xilinxprj/CB4CLED_Top.srcs/sources_1/bd/cb4cled_design_z2/hdl/cb4cled_design_z2_wrapper.vhd
WARNING: [Vivado 12-818] No files matched 'D:/Vivado/cb4cled-jn-application_cleaned/CB4CLED/vhdl/xilinxprj/CB4CLED_Top.srcs/sources_1/bd/cb4cled_design_z2/hdl/cb4cled_design_z2_wrapper.vhd'
remove_files  D:/Vivado/cb4cled-jn-application_cleaned/CB4CLED/vhdl/xilinxprj/CB4CLED_Top.srcs/sources_1/bd/cb4cled_design_z2/hdl/cb4cled_design_z2_wrapper.vhd
WARNING: [Vivado 12-818] No files matched 'D:/Vivado/cb4cled-jn-application_cleaned/CB4CLED/vhdl/xilinxprj/CB4CLED_Top.srcs/sources_1/bd/cb4cled_design_z2/hdl/cb4cled_design_z2_wrapper.vhd'
export_ip_user_files -of_objects  [get_files D:/Vivado/cb4cled-jn-application_cleaned/CB4CLED/vhdl/xilinxprj/CB4CLED_Top.srcs/sources_1/bd/cb4cled_design_z2/cb4cled_design_z2.bd] -no_script -reset -force -quiet
remove_files  D:/Vivado/cb4cled-jn-application_cleaned/CB4CLED/vhdl/xilinxprj/CB4CLED_Top.srcs/sources_1/bd/cb4cled_design_z2/cb4cled_design_z2.bd
delete_ip_run: Time (s): cpu = 00:00:28 ; elapsed = 00:00:16 . Memory (MB): peak = 1567.223 ; gain = 0.000
INFO: [IP_Flow 19-234] Refreshing IP repositories
INFO: [IP_Flow 19-1704] No user IP repositories specified
remove_files: Time (s): cpu = 00:00:30 ; elapsed = 00:00:17 . Memory (MB): peak = 1567.223 ; gain = 0.000
file delete -force D:/Vivado/cb4cled-jn-application_cleaned/CB4CLED/vhdl/xilinxprj/CB4CLED_Top.srcs/sources_1/bd/cb4cled_design_z2
WARNING: [IP_Flow 19-4318] IP-XACT file does not exist: d:/Vivado/cb4cled-jn-application_cleaned/CB4CLED/vhdl/xilinxprj/CB4CLED_Top.srcs/sources_1/bd/mref/CB4CLED_Top/component.xml. It will be created.
update_compile_order -fileset sources_1
set_property source_mgmt_mode DisplayOnly [current_project]
CRITICAL WARNING: [filemgmt 56-176] Module references are not supported in manual compile order mode and will be ignored.
CRITICAL WARNING: [filemgmt 56-176] Module references are not supported in manual compile order mode and will be ignored.
export_ip_user_files -of_objects  [get_files D:/Vivado/cb4cled-jn-application_cleaned/CB4CLED/vhdl/xilinxprj/CB4CLED_Top.srcs/sources_1/bd/cb4cled_design/cb4cled_design.bd] -no_script -reset -force -quiet
remove_files  D:/Vivado/cb4cled-jn-application_cleaned/CB4CLED/vhdl/xilinxprj/CB4CLED_Top.srcs/sources_1/bd/cb4cled_design/cb4cled_design.bd
delete_ip_run: Time (s): cpu = 00:00:19 ; elapsed = 00:00:15 . Memory (MB): peak = 1567.223 ; gain = 0.000
INFO: [IP_Flow 19-234] Refreshing IP repositories
INFO: [IP_Flow 19-1704] No user IP repositories specified
remove_files: Time (s): cpu = 00:00:20 ; elapsed = 00:00:16 . Memory (MB): peak = 1567.223 ; gain = 0.000
file delete -force D:/Vivado/cb4cled-jn-application_cleaned/CB4CLED/vhdl/xilinxprj/CB4CLED_Top.srcs/sources_1/bd/cb4cled_design
CRITICAL WARNING: [filemgmt 56-176] Module references are not supported in manual compile order mode and will be ignored.
CRITICAL WARNING: [filemgmt 56-176] Module references are not supported in manual compile order mode and will be ignored.
export_ip_user_files -of_objects  [get_files D:/Vivado/cb4cled-jn-application_cleaned/CB4CLED/vhdl/xilinxprj/CB4CLED_Top.srcs/sources_1/bd/cb4cled_design/hdl/cb4cled_design_wrapper.vhd] -no_script -reset -force -quiet
remove_files  D:/Vivado/cb4cled-jn-application_cleaned/CB4CLED/vhdl/xilinxprj/CB4CLED_Top.srcs/sources_1/bd/cb4cled_design/hdl/cb4cled_design_wrapper.vhd
CRITICAL WARNING: [filemgmt 56-176] Module references are not supported in manual compile order mode and will be ignored.
CRITICAL WARNING: [filemgmt 56-176] Module references are not supported in manual compile order mode and will be ignored.
set_property top CB4CLED_Top [current_fileset]
CRITICAL WARNING: [filemgmt 56-176] Module references are not supported in manual compile order mode and will be ignored.
CRITICAL WARNING: [filemgmt 56-176] Module references are not supported in manual compile order mode and will be ignored.
remove_files  D:/Vivado/cb4cled-jn-application_cleaned/CB4CLED/vhdl/xilinxprj/CB4CLED_Top.srcs/sources_1/bd/cb4cled_design/hdl/cb4cled_design_wrapper.vhd
WARNING: [Vivado 12-818] No files matched 'D:/Vivado/cb4cled-jn-application_cleaned/CB4CLED/vhdl/xilinxprj/CB4CLED_Top.srcs/sources_1/bd/cb4cled_design/hdl/cb4cled_design_wrapper.vhd'
reset_run synth_2
launch_runs synth_2 -jobs 2
[Thu Oct 12 12:20:28 2023] Launched synth_2...
Run output will be captured here: D:/Vivado/cb4cled-jn-application_cleaned/CB4CLED/vhdl/xilinxprj/CB4CLED_Top.runs/synth_2/runme.log
launch_runs impl_2 -jobs 2
[Thu Oct 12 12:21:25 2023] Launched impl_2...
Run output will be captured here: D:/Vivado/cb4cled-jn-application_cleaned/CB4CLED/vhdl/xilinxprj/CB4CLED_Top.runs/impl_2/runme.log
exit
INFO: [Common 17-206] Exiting Vivado at Thu Oct 12 12:26:35 2023...
